[2025-07-28T19:00:13.7465716Z][ERROR] :: Unable to parse Driver Capabilities due to Newtonsoft.Json.JsonReaderException: Unexpected character encountered while parsing value: O. Path '', line 0, position 0.
   at Newtonsoft.Json.JsonTextReader.ParseValue()
   at Newtonsoft.Json.JsonTextReader.Read()
   at Newtonsoft.Json.Linq.JObject.Load(JsonReader reader, JsonLoadSettings settings)
   at Newtonsoft.Json.Linq.JObject.Parse(String json, JsonLoadSettings settings)
   at Newtonsoft.Json.Linq.JObject.Parse(String json)
   at System.Dynamic.UpdateDelegates.UpdateAndExecute2[T0,T1,TRet](CallSite site, T0 arg0, T1 arg1)
   at BrowserStackSDK.TestObservability.Model.CBT.Driver..ctor(Object driver) 
[2025-07-28T19:00:13.7805888Z][INFO] :: Product linked to Observability:: automate 
[2025-07-28T19:00:13.7866452Z][INFO] :: Remote Session Found :: False 
[2025-07-28T19:00:13.7949407Z][INFO] :: FRAMEWORK FOUND :: Reqnroll-nunit 
[2025-07-28T19:00:13.7975816Z][INFO] :: CRASH REPORT :: 
 {
  "exception": {},
  "config": {},
  "hashed_id": "mmcfsapaeqoz43u4npptnarmsgolqx0d9vjy5285",
  "observability_version": {
    "frameworkName": "Reqnroll-nunit",
    "sdkVersion": "1.20.0",
    "frameworkVersion": "2.2.1 - 3.14.0"
  }
} 
[2025-07-28T19:00:14.5975447Z][ERROR] :: Error While Receiving Driver Object System.NullReferenceException: Object reference not set to an instance of an object.
   at BrowserStackSDK.TestObservability.EventsHandler.LogEventsHandler.ReceiveDriver(Object driver, String fullyQualifiedName, String displayName) 
