[2025-07-28T19:45:51.4105054Z][ERROR] :: Unable to parse Driver Capabilities due to Microsoft.CSharp.RuntimeBinder.RuntimeBinderException: Cannot perform runtime binding on a null reference
   at CallSite.Target(Closure, CallSite, Object)
   at System.Dynamic.UpdateDelegates.UpdateAndExecute1[T0,TRet](CallSite site, T0 arg0)
   at TestObservability.Model.CBT.Driver..ctor(Object driver) 
[2025-07-28T19:45:51.4140860Z][INFO] :: FRAMEWORK FOUND :: Reqnroll-nunit 
[2025-07-28T19:45:51.4171536Z][INFO] :: CRASH REPORT :: 
 {
  "exception": {},
  "config": {},
  "hashed_id": "vasexjccic3zk5g06gbsvrk7h4uehd9eibjb9ev4",
  "observability_version": {
    "frameworkName": "Reqnroll-nunit",
    "sdkVersion": "1.20.0",
    "frameworkVersion": "2.2.1 - 3.14.0"
  }
} 
[2025-07-28T19:45:52.2178458Z][ERROR] :: Error While Receiving Driver Object Microsoft.CSharp.RuntimeBinder.RuntimeBinderException: Cannot perform runtime binding on a null reference
   at CallSite.Target(Closure, CallSite, Object)
   at System.Dynamic.UpdateDelegates.UpdateAndExecute1[T0,TRet](CallSite site, T0 arg0)
   at TestObservability.Model.CBT.Driver..ctor(Object driver)
   at CallSite.Target(Closure, CallSite, Type, Object)
   at System.Dynamic.UpdateDelegates.UpdateAndExecute2[T0,T1,TRet](CallSite site, T0 arg0, T1 arg1)
   at TestObservability.EventsHandler.LogEventsHandler.ReceiveDriver(Object driver) 
[2025-07-28T19:45:52.5143062Z][ERROR] :: Unable to parse Driver Capabilities due to Microsoft.CSharp.RuntimeBinder.RuntimeBinderException: Cannot perform runtime binding on a null reference
   at CallSite.Target(Closure, CallSite, Object)
   at TestObservability.Model.CBT.Driver..ctor(Object driver) 
[2025-07-28T19:45:52.5149909Z][INFO] :: FRAMEWORK FOUND :: Reqnroll-nunit 
[2025-07-28T19:45:52.5155284Z][INFO] :: CRASH REPORT :: 
 {
  "exception": {},
  "config": {},
  "hashed_id": "vasexjccic3zk5g06gbsvrk7h4uehd9eibjb9ev4",
  "observability_version": {
    "frameworkName": "Reqnroll-nunit",
    "sdkVersion": "1.20.0",
    "frameworkVersion": "2.2.1 - 3.14.0"
  }
} 
[2025-07-28T19:45:53.3065363Z][ERROR] :: Error While Receiving Driver Object Microsoft.CSharp.RuntimeBinder.RuntimeBinderException: Cannot perform runtime binding on a null reference
   at CallSite.Target(Closure, CallSite, Object)
   at TestObservability.Model.CBT.Driver..ctor(Object driver)
   at CallSite.Target(Closure, CallSite, Type, Object)
   at TestObservability.EventsHandler.LogEventsHandler.ReceiveDriver(Object driver) 
[2025-07-28T19:45:53.3092282Z][ERROR] :: Unable to parse Driver Capabilities due to Microsoft.CSharp.RuntimeBinder.RuntimeBinderException: Cannot perform runtime binding on a null reference
   at CallSite.Target(Closure, CallSite, Object)
   at TestObservability.Model.CBT.Driver..ctor(Object driver) 
[2025-07-28T19:45:53.3098012Z][INFO] :: FRAMEWORK FOUND :: Reqnroll-nunit 
[2025-07-28T19:45:53.3102401Z][INFO] :: CRASH REPORT :: 
 {
  "exception": {},
  "config": {},
  "hashed_id": "vasexjccic3zk5g06gbsvrk7h4uehd9eibjb9ev4",
  "observability_version": {
    "frameworkName": "Reqnroll-nunit",
    "sdkVersion": "1.20.0",
    "frameworkVersion": "2.2.1 - 3.14.0"
  }
} 
[2025-07-28T19:45:54.0991706Z][ERROR] :: Error While Receiving Driver Object Microsoft.CSharp.RuntimeBinder.RuntimeBinderException: Cannot perform runtime binding on a null reference
   at CallSite.Target(Closure, CallSite, Object)
   at TestObservability.Model.CBT.Driver..ctor(Object driver)
   at CallSite.Target(Closure, CallSite, Type, Object)
   at TestObservability.EventsHandler.LogEventsHandler.ReceiveDriver(Object driver) 
[2025-07-28T19:45:54.1046334Z][ERROR] :: Unable to parse Driver Capabilities due to Microsoft.CSharp.RuntimeBinder.RuntimeBinderException: Cannot perform runtime binding on a null reference
   at CallSite.Target(Closure, CallSite, Object)
   at TestObservability.Model.CBT.Driver..ctor(Object driver) 
[2025-07-28T19:45:54.1053889Z][INFO] :: FRAMEWORK FOUND :: Reqnroll-nunit 
[2025-07-28T19:45:54.1058430Z][INFO] :: CRASH REPORT :: 
 {
  "exception": {},
  "config": {},
  "hashed_id": "vasexjccic3zk5g06gbsvrk7h4uehd9eibjb9ev4",
  "observability_version": {
    "frameworkName": "Reqnroll-nunit",
    "sdkVersion": "1.20.0",
    "frameworkVersion": "2.2.1 - 3.14.0"
  }
} 
[2025-07-28T19:45:54.8483925Z][ERROR] :: Error While Receiving Driver Object Microsoft.CSharp.RuntimeBinder.RuntimeBinderException: Cannot perform runtime binding on a null reference
   at CallSite.Target(Closure, CallSite, Object)
   at TestObservability.Model.CBT.Driver..ctor(Object driver)
   at CallSite.Target(Closure, CallSite, Type, Object)
   at TestObservability.EventsHandler.LogEventsHandler.ReceiveDriver(Object driver) 
[2025-07-28T19:45:54.8520416Z][ERROR] :: Unable to parse Driver Capabilities due to Microsoft.CSharp.RuntimeBinder.RuntimeBinderException: Cannot perform runtime binding on a null reference
   at CallSite.Target(Closure, CallSite, Object)
   at TestObservability.Model.CBT.Driver..ctor(Object driver) 
[2025-07-28T19:45:54.8529104Z][INFO] :: FRAMEWORK FOUND :: Reqnroll-nunit 
[2025-07-28T19:45:54.8535030Z][INFO] :: CRASH REPORT :: 
 {
  "exception": {},
  "config": {},
  "hashed_id": "vasexjccic3zk5g06gbsvrk7h4uehd9eibjb9ev4",
  "observability_version": {
    "frameworkName": "Reqnroll-nunit",
    "sdkVersion": "1.20.0",
    "frameworkVersion": "2.2.1 - 3.14.0"
  }
} 
[2025-07-28T19:45:55.5960423Z][ERROR] :: Error While Receiving Driver Object Microsoft.CSharp.RuntimeBinder.RuntimeBinderException: Cannot perform runtime binding on a null reference
   at CallSite.Target(Closure, CallSite, Object)
   at TestObservability.Model.CBT.Driver..ctor(Object driver)
   at CallSite.Target(Closure, CallSite, Type, Object)
   at TestObservability.EventsHandler.LogEventsHandler.ReceiveDriver(Object driver) 
[2025-07-28T19:45:55.6016521Z][ERROR] :: Unable to parse Driver Capabilities due to Microsoft.CSharp.RuntimeBinder.RuntimeBinderException: Cannot perform runtime binding on a null reference
   at CallSite.Target(Closure, CallSite, Object)
   at TestObservability.Model.CBT.Driver..ctor(Object driver) 
[2025-07-28T19:45:55.6025969Z][INFO] :: FRAMEWORK FOUND :: Reqnroll-nunit 
[2025-07-28T19:45:55.6035783Z][INFO] :: CRASH REPORT :: 
 {
  "exception": {},
  "config": {},
  "hashed_id": "vasexjccic3zk5g06gbsvrk7h4uehd9eibjb9ev4",
  "observability_version": {
    "frameworkName": "Reqnroll-nunit",
    "sdkVersion": "1.20.0",
    "frameworkVersion": "2.2.1 - 3.14.0"
  }
} 
[2025-07-28T19:45:56.3572208Z][ERROR] :: Error While Receiving Driver Object Microsoft.CSharp.RuntimeBinder.RuntimeBinderException: Cannot perform runtime binding on a null reference
   at CallSite.Target(Closure, CallSite, Object)
   at TestObservability.Model.CBT.Driver..ctor(Object driver)
   at CallSite.Target(Closure, CallSite, Type, Object)
   at TestObservability.EventsHandler.LogEventsHandler.ReceiveDriver(Object driver) 
[2025-07-28T19:46:01.1411780Z][ERROR] :: Unable to parse Driver Capabilities due to Newtonsoft.Json.JsonReaderException: Unexpected character encountered while parsing value: O. Path '', line 0, position 0.
   at Newtonsoft.Json.JsonTextReader.ParseValue()
   at Newtonsoft.Json.Linq.JObject.Load(JsonReader reader, JsonLoadSettings settings)
   at Newtonsoft.Json.Linq.JObject.Parse(String json, JsonLoadSettings settings)
   at Newtonsoft.Json.Linq.JObject.Parse(String json)
   at System.Dynamic.UpdateDelegates.UpdateAndExecute2[T0,T1,TRet](CallSite site, T0 arg0, T1 arg1)
   at BrowserStackSDK.TestObservability.Model.CBT.Driver..ctor(Object driver) 
[2025-07-28T19:46:01.1638697Z][INFO] :: Product linked to Observability:: automate 
[2025-07-28T19:46:01.1682917Z][INFO] :: Remote Session Found :: True 
[2025-07-28T19:46:01.1728784Z][INFO] :: FRAMEWORK FOUND :: Reqnroll-nunit 
[2025-07-28T19:46:01.1739846Z][INFO] :: CRASH REPORT :: 
 {
  "exception": {},
  "config": {},
  "hashed_id": "vasexjccic3zk5g06gbsvrk7h4uehd9eibjb9ev4",
  "observability_version": {
    "frameworkName": "Reqnroll-nunit",
    "sdkVersion": "1.20.0",
    "frameworkVersion": "2.2.1 - 3.14.0"
  }
} 
[2025-07-28T19:46:01.9098483Z][ERROR] :: Error While Receiving Driver Object System.NullReferenceException: Object reference not set to an instance of an object.
   at BrowserStackSDK.TestObservability.EventsHandler.LogEventsHandler.ReceiveDriver(Object driver, String fullyQualifiedName, String displayName) 
[2025-07-28T19:46:21.2201333Z][INFO] :: All events uploaded successfully for current test 
