[2025-07-28T14:43:01.1312796Z][ERROR] :: Unable to parse Driver Capabilities due to Microsoft.CSharp.RuntimeBinder.RuntimeBinderException: Cannot perform runtime binding on a null reference
   at CallSite.Target(Closure, CallSite, Object)
   at System.Dynamic.UpdateDelegates.UpdateAndExecute1[T0,TRet](CallSite site, T0 arg0)
   at TestObservability.Model.CBT.Driver..ctor(Object driver) 
[2025-07-28T14:43:01.1350537Z][INFO] :: FRAMEWORK FOUND :: Reqnroll-nunit 
[2025-07-28T14:43:01.1379182Z][INFO] :: CRASH REPORT :: 
 {
  "exception": {},
  "config": {},
  "hashed_id": "dwuv3vxmptfxrj7lnq2guoecdperetf7d9ewqx4u",
  "observability_version": {
    "frameworkName": "Reqnroll-nunit",
    "sdkVersion": "1.20.0",
    "frameworkVersion": "2.2.1 - 3.14.0"
  }
} 
[2025-07-28T14:43:01.9895286Z][ERROR] :: Error While Receiving Driver Object Microsoft.CSharp.RuntimeBinder.RuntimeBinderException: Cannot perform runtime binding on a null reference
   at CallSite.Target(Closure, CallSite, Object)
   at System.Dynamic.UpdateDelegates.UpdateAndExecute1[T0,TRet](CallSite site, T0 arg0)
   at TestObservability.Model.CBT.Driver..ctor(Object driver)
   at CallSite.Target(Closure, CallSite, Type, Object)
   at System.Dynamic.UpdateDelegates.UpdateAndExecute2[T0,T1,TRet](CallSite site, T0 arg0, T1 arg1)
   at TestObservability.EventsHandler.LogEventsHandler.ReceiveDriver(Object driver) 
[2025-07-28T14:43:02.2907825Z][ERROR] :: Unable to parse Driver Capabilities due to Microsoft.CSharp.RuntimeBinder.RuntimeBinderException: Cannot perform runtime binding on a null reference
   at CallSite.Target(Closure, CallSite, Object)
   at TestObservability.Model.CBT.Driver..ctor(Object driver) 
[2025-07-28T14:43:02.2915784Z][INFO] :: FRAMEWORK FOUND :: Reqnroll-nunit 
[2025-07-28T14:43:02.2922948Z][INFO] :: CRASH REPORT :: 
 {
  "exception": {},
  "config": {},
  "hashed_id": "dwuv3vxmptfxrj7lnq2guoecdperetf7d9ewqx4u",
  "observability_version": {
    "frameworkName": "Reqnroll-nunit",
    "sdkVersion": "1.20.0",
    "frameworkVersion": "2.2.1 - 3.14.0"
  }
} 
[2025-07-28T14:43:03.0448415Z][ERROR] :: Error While Receiving Driver Object Microsoft.CSharp.RuntimeBinder.RuntimeBinderException: Cannot perform runtime binding on a null reference
   at CallSite.Target(Closure, CallSite, Object)
   at TestObservability.Model.CBT.Driver..ctor(Object driver)
   at CallSite.Target(Closure, CallSite, Type, Object)
   at TestObservability.EventsHandler.LogEventsHandler.ReceiveDriver(Object driver) 
[2025-07-28T14:43:03.0470359Z][ERROR] :: Unable to parse Driver Capabilities due to Microsoft.CSharp.RuntimeBinder.RuntimeBinderException: Cannot perform runtime binding on a null reference
   at CallSite.Target(Closure, CallSite, Object)
   at TestObservability.Model.CBT.Driver..ctor(Object driver) 
[2025-07-28T14:43:03.0477509Z][INFO] :: FRAMEWORK FOUND :: Reqnroll-nunit 
[2025-07-28T14:43:03.0483468Z][INFO] :: CRASH REPORT :: 
 {
  "exception": {},
  "config": {},
  "hashed_id": "dwuv3vxmptfxrj7lnq2guoecdperetf7d9ewqx4u",
  "observability_version": {
    "frameworkName": "Reqnroll-nunit",
    "sdkVersion": "1.20.0",
    "frameworkVersion": "2.2.1 - 3.14.0"
  }
} 
[2025-07-28T14:43:03.8292709Z][ERROR] :: Error While Receiving Driver Object Microsoft.CSharp.RuntimeBinder.RuntimeBinderException: Cannot perform runtime binding on a null reference
   at CallSite.Target(Closure, CallSite, Object)
   at TestObservability.Model.CBT.Driver..ctor(Object driver)
   at CallSite.Target(Closure, CallSite, Type, Object)
   at TestObservability.EventsHandler.LogEventsHandler.ReceiveDriver(Object driver) 
[2025-07-28T14:43:03.8312894Z][ERROR] :: Unable to parse Driver Capabilities due to Microsoft.CSharp.RuntimeBinder.RuntimeBinderException: Cannot perform runtime binding on a null reference
   at CallSite.Target(Closure, CallSite, Object)
   at TestObservability.Model.CBT.Driver..ctor(Object driver) 
[2025-07-28T14:43:03.8319456Z][INFO] :: FRAMEWORK FOUND :: Reqnroll-nunit 
[2025-07-28T14:43:03.8323961Z][INFO] :: CRASH REPORT :: 
 {
  "exception": {},
  "config": {},
  "hashed_id": "dwuv3vxmptfxrj7lnq2guoecdperetf7d9ewqx4u",
  "observability_version": {
    "frameworkName": "Reqnroll-nunit",
    "sdkVersion": "1.20.0",
    "frameworkVersion": "2.2.1 - 3.14.0"
  }
} 
[2025-07-28T14:43:04.6025786Z][ERROR] :: Error While Receiving Driver Object Microsoft.CSharp.RuntimeBinder.RuntimeBinderException: Cannot perform runtime binding on a null reference
   at CallSite.Target(Closure, CallSite, Object)
   at TestObservability.Model.CBT.Driver..ctor(Object driver)
   at CallSite.Target(Closure, CallSite, Type, Object)
   at TestObservability.EventsHandler.LogEventsHandler.ReceiveDriver(Object driver) 
[2025-07-28T14:43:04.6045323Z][ERROR] :: Unable to parse Driver Capabilities due to Microsoft.CSharp.RuntimeBinder.RuntimeBinderException: Cannot perform runtime binding on a null reference
   at CallSite.Target(Closure, CallSite, Object)
   at TestObservability.Model.CBT.Driver..ctor(Object driver) 
[2025-07-28T14:43:04.6051676Z][INFO] :: FRAMEWORK FOUND :: Reqnroll-nunit 
[2025-07-28T14:43:04.6058331Z][INFO] :: CRASH REPORT :: 
 {
  "exception": {},
  "config": {},
  "hashed_id": "dwuv3vxmptfxrj7lnq2guoecdperetf7d9ewqx4u",
  "observability_version": {
    "frameworkName": "Reqnroll-nunit",
    "sdkVersion": "1.20.0",
    "frameworkVersion": "2.2.1 - 3.14.0"
  }
} 
[2025-07-28T14:43:05.3882910Z][ERROR] :: Error While Receiving Driver Object Microsoft.CSharp.RuntimeBinder.RuntimeBinderException: Cannot perform runtime binding on a null reference
   at CallSite.Target(Closure, CallSite, Object)
   at TestObservability.Model.CBT.Driver..ctor(Object driver)
   at CallSite.Target(Closure, CallSite, Type, Object)
   at TestObservability.EventsHandler.LogEventsHandler.ReceiveDriver(Object driver) 
[2025-07-28T14:43:05.3907447Z][ERROR] :: Unable to parse Driver Capabilities due to Microsoft.CSharp.RuntimeBinder.RuntimeBinderException: Cannot perform runtime binding on a null reference
   at CallSite.Target(Closure, CallSite, Object)
   at TestObservability.Model.CBT.Driver..ctor(Object driver) 
[2025-07-28T14:43:05.3919783Z][INFO] :: FRAMEWORK FOUND :: Reqnroll-nunit 
[2025-07-28T14:43:05.3929199Z][INFO] :: CRASH REPORT :: 
 {
  "exception": {},
  "config": {},
  "hashed_id": "dwuv3vxmptfxrj7lnq2guoecdperetf7d9ewqx4u",
  "observability_version": {
    "frameworkName": "Reqnroll-nunit",
    "sdkVersion": "1.20.0",
    "frameworkVersion": "2.2.1 - 3.14.0"
  }
} 
[2025-07-28T14:43:06.1538663Z][ERROR] :: Error While Receiving Driver Object Microsoft.CSharp.RuntimeBinder.RuntimeBinderException: Cannot perform runtime binding on a null reference
   at CallSite.Target(Closure, CallSite, Object)
   at TestObservability.Model.CBT.Driver..ctor(Object driver)
   at CallSite.Target(Closure, CallSite, Type, Object)
   at TestObservability.EventsHandler.LogEventsHandler.ReceiveDriver(Object driver) 
[2025-07-28T14:43:07.3659291Z][ERROR] :: Unable to parse Driver Capabilities due to Newtonsoft.Json.JsonReaderException: Unexpected character encountered while parsing value: O. Path '', line 0, position 0.
   at Newtonsoft.Json.JsonTextReader.ParseValue()
   at Newtonsoft.Json.Linq.JObject.Load(JsonReader reader, JsonLoadSettings settings)
   at Newtonsoft.Json.Linq.JObject.Parse(String json, JsonLoadSettings settings)
   at Newtonsoft.Json.Linq.JObject.Parse(String json)
   at System.Dynamic.UpdateDelegates.UpdateAndExecute2[T0,T1,TRet](CallSite site, T0 arg0, T1 arg1)
   at BrowserStackSDK.TestObservability.Model.CBT.Driver..ctor(Object driver) 
[2025-07-28T14:43:07.3949455Z][INFO] :: Product linked to Observability:: automate 
[2025-07-28T14:43:07.4005453Z][INFO] :: Remote Session Found :: False 
[2025-07-28T14:43:07.4052696Z][INFO] :: FRAMEWORK FOUND :: Reqnroll-nunit 
[2025-07-28T14:43:07.4064322Z][INFO] :: CRASH REPORT :: 
 {
  "exception": {},
  "config": {},
  "hashed_id": "dwuv3vxmptfxrj7lnq2guoecdperetf7d9ewqx4u",
  "observability_version": {
    "frameworkName": "Reqnroll-nunit",
    "sdkVersion": "1.20.0",
    "frameworkVersion": "2.2.1 - 3.14.0"
  }
} 
[2025-07-28T14:43:08.1467734Z][ERROR] :: Error While Receiving Driver Object System.NullReferenceException: Object reference not set to an instance of an object.
   at BrowserStackSDK.TestObservability.EventsHandler.LogEventsHandler.ReceiveDriver(Object driver, String fullyQualifiedName, String displayName) 
[2025-07-28T14:44:01.5978679Z][INFO] :: All events uploaded successfully for current test 
