[2025-07-28T17:14:33.5470858Z][ERROR] :: Unable to parse Driver Capabilities due to Microsoft.CSharp.RuntimeBinder.RuntimeBinderException: Cannot perform runtime binding on a null reference
   at CallSite.Target(Closure, CallSite, Object)
   at System.Dynamic.UpdateDelegates.UpdateAndExecute1[T0,TRet](CallSite site, T0 arg0)
   at TestObservability.Model.CBT.Driver..ctor(Object driver) 
[2025-07-28T17:14:33.5521039Z][INFO] :: FRAMEWORK FOUND :: Reqnroll-nunit 
[2025-07-28T17:14:33.5545079Z][INFO] :: CRASH REPORT :: 
 {
  "exception": {},
  "config": {},
  "hashed_id": "vfbwfya3owdxpm7hdrggl4dqsgpovqkzilijvgqg",
  "observability_version": {
    "frameworkName": "Reqnroll-nunit",
    "sdkVersion": "1.20.0",
    "frameworkVersion": "2.2.1 - 3.14.0"
  }
} 
[2025-07-28T17:14:34.3267062Z][ERROR] :: Error While Receiving Driver Object Microsoft.CSharp.RuntimeBinder.RuntimeBinderException: Cannot perform runtime binding on a null reference
   at CallSite.Target(Closure, CallSite, Object)
   at System.Dynamic.UpdateDelegates.UpdateAndExecute1[T0,TRet](CallSite site, T0 arg0)
   at TestObservability.Model.CBT.Driver..ctor(Object driver)
   at CallSite.Target(Closure, CallSite, Type, Object)
   at System.Dynamic.UpdateDelegates.UpdateAndExecute2[T0,T1,TRet](CallSite site, T0 arg0, T1 arg1)
   at TestObservability.EventsHandler.LogEventsHandler.ReceiveDriver(Object driver) 
[2025-07-28T17:14:35.8760693Z][ERROR] :: Unable to parse Driver Capabilities due to Newtonsoft.Json.JsonReaderException: Unexpected character encountered while parsing value: O. Path '', line 0, position 0.
   at Newtonsoft.Json.JsonTextReader.ParseValue()
   at Newtonsoft.Json.Linq.JObject.Load(JsonReader reader, JsonLoadSettings settings)
   at Newtonsoft.Json.Linq.JObject.Parse(String json, JsonLoadSettings settings)
   at Newtonsoft.Json.Linq.JObject.Parse(String json)
   at System.Dynamic.UpdateDelegates.UpdateAndExecute2[T0,T1,TRet](CallSite site, T0 arg0, T1 arg1)
   at BrowserStackSDK.TestObservability.Model.CBT.Driver..ctor(Object driver) 
[2025-07-28T17:14:35.9030876Z][INFO] :: Product linked to Observability:: automate 
[2025-07-28T17:14:35.9078235Z][INFO] :: Remote Session Found :: False 
[2025-07-28T17:14:35.9136076Z][INFO] :: FRAMEWORK FOUND :: Reqnroll-nunit 
[2025-07-28T17:14:35.9148049Z][INFO] :: CRASH REPORT :: 
 {
  "exception": {},
  "config": {},
  "hashed_id": "vfbwfya3owdxpm7hdrggl4dqsgpovqkzilijvgqg",
  "observability_version": {
    "frameworkName": "Reqnroll-nunit",
    "sdkVersion": "1.20.0",
    "frameworkVersion": "2.2.1 - 3.14.0"
  }
} 
[2025-07-28T17:14:36.6535420Z][ERROR] :: Error While Receiving Driver Object System.NullReferenceException: Object reference not set to an instance of an object.
   at BrowserStackSDK.TestObservability.EventsHandler.LogEventsHandler.ReceiveDriver(Object driver, String fullyQualifiedName, String displayName) 
[2025-07-28T17:14:47.5493556Z][INFO] :: All events uploaded successfully for current test 
