[2025-07-28T19:30:34.5390257Z][ERROR] :: Unable to parse Driver Capabilities due to Microsoft.CSharp.RuntimeBinder.RuntimeBinderException: Cannot perform runtime binding on a null reference
   at CallSite.Target(Closure, CallSite, Object)
   at System.Dynamic.UpdateDelegates.UpdateAndExecute1[T0,TRet](CallSite site, T0 arg0)
   at TestObservability.Model.CBT.Driver..ctor(Object driver) 
[2025-07-28T19:30:34.5431319Z][INFO] :: FRAMEWORK FOUND :: Reqnroll-nunit 
[2025-07-28T19:30:34.5456540Z][INFO] :: CRASH REPORT :: 
 {
  "exception": {},
  "config": {},
  "hashed_id": "aglxrjatncjbj9rdg4rauv8vbf61slzprefyuuzd",
  "observability_version": {
    "frameworkName": "Reqnroll-nunit",
    "sdkVersion": "1.20.0",
    "frameworkVersion": "2.2.1 - 3.14.0"
  }
} 
[2025-07-28T19:30:35.3668007Z][ERROR] :: Error While Receiving Driver Object Microsoft.CSharp.RuntimeBinder.RuntimeBinderException: Cannot perform runtime binding on a null reference
   at CallSite.Target(Closure, CallSite, Object)
   at System.Dynamic.UpdateDelegates.UpdateAndExecute1[T0,TRet](CallSite site, T0 arg0)
   at TestObservability.Model.CBT.Driver..ctor(Object driver)
   at CallSite.Target(Closure, CallSite, Type, Object)
   at System.Dynamic.UpdateDelegates.UpdateAndExecute2[T0,T1,TRet](CallSite site, T0 arg0, T1 arg1)
   at TestObservability.EventsHandler.LogEventsHandler.ReceiveDriver(Object driver) 
[2025-07-28T19:30:35.6383971Z][ERROR] :: Unable to parse Driver Capabilities due to Microsoft.CSharp.RuntimeBinder.RuntimeBinderException: Cannot perform runtime binding on a null reference
   at CallSite.Target(Closure, CallSite, Object)
   at TestObservability.Model.CBT.Driver..ctor(Object driver) 
[2025-07-28T19:30:35.6393168Z][INFO] :: FRAMEWORK FOUND :: Reqnroll-nunit 
[2025-07-28T19:30:35.6399181Z][INFO] :: CRASH REPORT :: 
 {
  "exception": {},
  "config": {},
  "hashed_id": "aglxrjatncjbj9rdg4rauv8vbf61slzprefyuuzd",
  "observability_version": {
    "frameworkName": "Reqnroll-nunit",
    "sdkVersion": "1.20.0",
    "frameworkVersion": "2.2.1 - 3.14.0"
  }
} 
[2025-07-28T19:30:36.4084208Z][ERROR] :: Error While Receiving Driver Object Microsoft.CSharp.RuntimeBinder.RuntimeBinderException: Cannot perform runtime binding on a null reference
   at CallSite.Target(Closure, CallSite, Object)
   at TestObservability.Model.CBT.Driver..ctor(Object driver)
   at CallSite.Target(Closure, CallSite, Type, Object)
   at TestObservability.EventsHandler.LogEventsHandler.ReceiveDriver(Object driver) 
[2025-07-28T19:30:36.4100619Z][ERROR] :: Unable to parse Driver Capabilities due to Microsoft.CSharp.RuntimeBinder.RuntimeBinderException: Cannot perform runtime binding on a null reference
   at CallSite.Target(Closure, CallSite, Object)
   at TestObservability.Model.CBT.Driver..ctor(Object driver) 
[2025-07-28T19:30:36.4106312Z][INFO] :: FRAMEWORK FOUND :: Reqnroll-nunit 
[2025-07-28T19:30:36.4110653Z][INFO] :: CRASH REPORT :: 
 {
  "exception": {},
  "config": {},
  "hashed_id": "aglxrjatncjbj9rdg4rauv8vbf61slzprefyuuzd",
  "observability_version": {
    "frameworkName": "Reqnroll-nunit",
    "sdkVersion": "1.20.0",
    "frameworkVersion": "2.2.1 - 3.14.0"
  }
} 
[2025-07-28T19:30:37.2008235Z][ERROR] :: Error While Receiving Driver Object Microsoft.CSharp.RuntimeBinder.RuntimeBinderException: Cannot perform runtime binding on a null reference
   at CallSite.Target(Closure, CallSite, Object)
   at TestObservability.Model.CBT.Driver..ctor(Object driver)
   at CallSite.Target(Closure, CallSite, Type, Object)
   at TestObservability.EventsHandler.LogEventsHandler.ReceiveDriver(Object driver) 
[2025-07-28T19:30:37.2025056Z][ERROR] :: Unable to parse Driver Capabilities due to Microsoft.CSharp.RuntimeBinder.RuntimeBinderException: Cannot perform runtime binding on a null reference
   at CallSite.Target(Closure, CallSite, Object)
   at TestObservability.Model.CBT.Driver..ctor(Object driver) 
[2025-07-28T19:30:37.2032993Z][INFO] :: FRAMEWORK FOUND :: Reqnroll-nunit 
[2025-07-28T19:30:37.2039055Z][INFO] :: CRASH REPORT :: 
 {
  "exception": {},
  "config": {},
  "hashed_id": "aglxrjatncjbj9rdg4rauv8vbf61slzprefyuuzd",
  "observability_version": {
    "frameworkName": "Reqnroll-nunit",
    "sdkVersion": "1.20.0",
    "frameworkVersion": "2.2.1 - 3.14.0"
  }
} 
[2025-07-28T19:30:38.0167511Z][ERROR] :: Error While Receiving Driver Object Microsoft.CSharp.RuntimeBinder.RuntimeBinderException: Cannot perform runtime binding on a null reference
   at CallSite.Target(Closure, CallSite, Object)
   at TestObservability.Model.CBT.Driver..ctor(Object driver)
   at CallSite.Target(Closure, CallSite, Type, Object)
   at TestObservability.EventsHandler.LogEventsHandler.ReceiveDriver(Object driver) 
[2025-07-28T19:30:38.0209311Z][ERROR] :: Unable to parse Driver Capabilities due to Microsoft.CSharp.RuntimeBinder.RuntimeBinderException: Cannot perform runtime binding on a null reference
   at CallSite.Target(Closure, CallSite, Object)
   at TestObservability.Model.CBT.Driver..ctor(Object driver) 
[2025-07-28T19:30:38.0219468Z][INFO] :: FRAMEWORK FOUND :: Reqnroll-nunit 
[2025-07-28T19:30:38.0224612Z][INFO] :: CRASH REPORT :: 
 {
  "exception": {},
  "config": {},
  "hashed_id": "aglxrjatncjbj9rdg4rauv8vbf61slzprefyuuzd",
  "observability_version": {
    "frameworkName": "Reqnroll-nunit",
    "sdkVersion": "1.20.0",
    "frameworkVersion": "2.2.1 - 3.14.0"
  }
} 
[2025-07-28T19:30:38.8068098Z][ERROR] :: Error While Receiving Driver Object Microsoft.CSharp.RuntimeBinder.RuntimeBinderException: Cannot perform runtime binding on a null reference
   at CallSite.Target(Closure, CallSite, Object)
   at TestObservability.Model.CBT.Driver..ctor(Object driver)
   at CallSite.Target(Closure, CallSite, Type, Object)
   at TestObservability.EventsHandler.LogEventsHandler.ReceiveDriver(Object driver) 
[2025-07-28T19:30:38.8127596Z][ERROR] :: Unable to parse Driver Capabilities due to Microsoft.CSharp.RuntimeBinder.RuntimeBinderException: Cannot perform runtime binding on a null reference
   at CallSite.Target(Closure, CallSite, Object)
   at TestObservability.Model.CBT.Driver..ctor(Object driver) 
[2025-07-28T19:30:38.8133498Z][INFO] :: FRAMEWORK FOUND :: Reqnroll-nunit 
[2025-07-28T19:30:38.8139665Z][INFO] :: CRASH REPORT :: 
 {
  "exception": {},
  "config": {},
  "hashed_id": "aglxrjatncjbj9rdg4rauv8vbf61slzprefyuuzd",
  "observability_version": {
    "frameworkName": "Reqnroll-nunit",
    "sdkVersion": "1.20.0",
    "frameworkVersion": "2.2.1 - 3.14.0"
  }
} 
[2025-07-28T19:30:39.6203022Z][ERROR] :: Error While Receiving Driver Object Microsoft.CSharp.RuntimeBinder.RuntimeBinderException: Cannot perform runtime binding on a null reference
   at CallSite.Target(Closure, CallSite, Object)
   at TestObservability.Model.CBT.Driver..ctor(Object driver)
   at CallSite.Target(Closure, CallSite, Type, Object)
   at TestObservability.EventsHandler.LogEventsHandler.ReceiveDriver(Object driver) 
[2025-07-28T19:30:40.7918530Z][ERROR] :: Unable to parse Driver Capabilities due to Newtonsoft.Json.JsonReaderException: Unexpected character encountered while parsing value: O. Path '', line 0, position 0.
   at Newtonsoft.Json.JsonTextReader.ParseValue()
   at Newtonsoft.Json.Linq.JObject.Load(JsonReader reader, JsonLoadSettings settings)
   at Newtonsoft.Json.Linq.JObject.Parse(String json, JsonLoadSettings settings)
   at Newtonsoft.Json.Linq.JObject.Parse(String json)
   at System.Dynamic.UpdateDelegates.UpdateAndExecute2[T0,T1,TRet](CallSite site, T0 arg0, T1 arg1)
   at BrowserStackSDK.TestObservability.Model.CBT.Driver..ctor(Object driver) 
[2025-07-28T19:30:40.8152239Z][INFO] :: Product linked to Observability:: automate 
[2025-07-28T19:30:40.8199127Z][INFO] :: Remote Session Found :: False 
[2025-07-28T19:30:40.8261329Z][INFO] :: FRAMEWORK FOUND :: Reqnroll-nunit 
[2025-07-28T19:30:40.8275499Z][INFO] :: CRASH REPORT :: 
 {
  "exception": {},
  "config": {},
  "hashed_id": "aglxrjatncjbj9rdg4rauv8vbf61slzprefyuuzd",
  "observability_version": {
    "frameworkName": "Reqnroll-nunit",
    "sdkVersion": "1.20.0",
    "frameworkVersion": "2.2.1 - 3.14.0"
  }
} 
[2025-07-28T19:30:41.6048171Z][ERROR] :: Error While Receiving Driver Object System.NullReferenceException: Object reference not set to an instance of an object.
   at BrowserStackSDK.TestObservability.EventsHandler.LogEventsHandler.ReceiveDriver(Object driver, String fullyQualifiedName, String displayName) 
[2025-07-28T19:30:53.2680586Z][INFO] :: All events uploaded successfully for current test 
