[2025-07-28T14:23:21.0045547Z][ERROR] :: Unable to parse Driver Capabilities due to Microsoft.CSharp.RuntimeBinder.RuntimeBinderException: Cannot perform runtime binding on a null reference
   at CallSite.Target(Closure, CallSite, Object)
   at System.Dynamic.UpdateDelegates.UpdateAndExecute1[T0,TRet](CallSite site, T0 arg0)
   at TestObservability.Model.CBT.Driver..ctor(Object driver) 
[2025-07-28T14:23:21.0083581Z][INFO] :: FRAMEWORK FOUND :: Reqnroll-nunit 
[2025-07-28T14:23:21.0108907Z][INFO] :: CRASH REPORT :: 
 {
  "exception": {},
  "config": {},
  "hashed_id": "1hq9nzfdtm4o7ukkhbf2gjyjhvnzzb8xhal5rfjj",
  "observability_version": {
    "frameworkName": "Reqnroll-nunit",
    "sdkVersion": "1.20.0",
    "frameworkVersion": "2.2.1 - 3.14.0"
  }
} 
[2025-07-28T14:23:21.8211078Z][ERROR] :: Error While Receiving Driver Object Microsoft.CSharp.RuntimeBinder.RuntimeBinderException: Cannot perform runtime binding on a null reference
   at CallSite.Target(Closure, CallSite, Object)
   at System.Dynamic.UpdateDelegates.UpdateAndExecute1[T0,TRet](CallSite site, T0 arg0)
   at TestObservability.Model.CBT.Driver..ctor(Object driver)
   at CallSite.Target(Closure, CallSite, Type, Object)
   at System.Dynamic.UpdateDelegates.UpdateAndExecute2[T0,T1,TRet](CallSite site, T0 arg0, T1 arg1)
   at TestObservability.EventsHandler.LogEventsHandler.ReceiveDriver(Object driver) 
[2025-07-28T14:23:22.1429938Z][ERROR] :: Unable to parse Driver Capabilities due to Microsoft.CSharp.RuntimeBinder.RuntimeBinderException: Cannot perform runtime binding on a null reference
   at CallSite.Target(Closure, CallSite, Object)
   at TestObservability.Model.CBT.Driver..ctor(Object driver) 
[2025-07-28T14:23:22.1437741Z][INFO] :: FRAMEWORK FOUND :: Reqnroll-nunit 
[2025-07-28T14:23:22.1442879Z][INFO] :: CRASH REPORT :: 
 {
  "exception": {},
  "config": {},
  "hashed_id": "1hq9nzfdtm4o7ukkhbf2gjyjhvnzzb8xhal5rfjj",
  "observability_version": {
    "frameworkName": "Reqnroll-nunit",
    "sdkVersion": "1.20.0",
    "frameworkVersion": "2.2.1 - 3.14.0"
  }
} 
[2025-07-28T14:23:22.9423549Z][ERROR] :: Error While Receiving Driver Object Microsoft.CSharp.RuntimeBinder.RuntimeBinderException: Cannot perform runtime binding on a null reference
   at CallSite.Target(Closure, CallSite, Object)
   at TestObservability.Model.CBT.Driver..ctor(Object driver)
   at CallSite.Target(Closure, CallSite, Type, Object)
   at TestObservability.EventsHandler.LogEventsHandler.ReceiveDriver(Object driver) 
[2025-07-28T14:23:22.9445855Z][ERROR] :: Unable to parse Driver Capabilities due to Microsoft.CSharp.RuntimeBinder.RuntimeBinderException: Cannot perform runtime binding on a null reference
   at CallSite.Target(Closure, CallSite, Object)
   at TestObservability.Model.CBT.Driver..ctor(Object driver) 
[2025-07-28T14:23:22.9453784Z][INFO] :: FRAMEWORK FOUND :: Reqnroll-nunit 
[2025-07-28T14:23:22.9461740Z][INFO] :: CRASH REPORT :: 
 {
  "exception": {},
  "config": {},
  "hashed_id": "1hq9nzfdtm4o7ukkhbf2gjyjhvnzzb8xhal5rfjj",
  "observability_version": {
    "frameworkName": "Reqnroll-nunit",
    "sdkVersion": "1.20.0",
    "frameworkVersion": "2.2.1 - 3.14.0"
  }
} 
[2025-07-28T14:23:23.7430027Z][ERROR] :: Error While Receiving Driver Object Microsoft.CSharp.RuntimeBinder.RuntimeBinderException: Cannot perform runtime binding on a null reference
   at CallSite.Target(Closure, CallSite, Object)
   at TestObservability.Model.CBT.Driver..ctor(Object driver)
   at CallSite.Target(Closure, CallSite, Type, Object)
   at TestObservability.EventsHandler.LogEventsHandler.ReceiveDriver(Object driver) 
[2025-07-28T14:23:23.7447084Z][ERROR] :: Unable to parse Driver Capabilities due to Microsoft.CSharp.RuntimeBinder.RuntimeBinderException: Cannot perform runtime binding on a null reference
   at CallSite.Target(Closure, CallSite, Object)
   at TestObservability.Model.CBT.Driver..ctor(Object driver) 
[2025-07-28T14:23:23.7462835Z][INFO] :: FRAMEWORK FOUND :: Reqnroll-nunit 
[2025-07-28T14:23:23.7470148Z][INFO] :: CRASH REPORT :: 
 {
  "exception": {},
  "config": {},
  "hashed_id": "1hq9nzfdtm4o7ukkhbf2gjyjhvnzzb8xhal5rfjj",
  "observability_version": {
    "frameworkName": "Reqnroll-nunit",
    "sdkVersion": "1.20.0",
    "frameworkVersion": "2.2.1 - 3.14.0"
  }
} 
[2025-07-28T14:23:24.4854895Z][ERROR] :: Error While Receiving Driver Object Microsoft.CSharp.RuntimeBinder.RuntimeBinderException: Cannot perform runtime binding on a null reference
   at CallSite.Target(Closure, CallSite, Object)
   at TestObservability.Model.CBT.Driver..ctor(Object driver)
   at CallSite.Target(Closure, CallSite, Type, Object)
   at TestObservability.EventsHandler.LogEventsHandler.ReceiveDriver(Object driver) 
[2025-07-28T14:23:24.4873795Z][ERROR] :: Unable to parse Driver Capabilities due to Microsoft.CSharp.RuntimeBinder.RuntimeBinderException: Cannot perform runtime binding on a null reference
   at CallSite.Target(Closure, CallSite, Object)
   at TestObservability.Model.CBT.Driver..ctor(Object driver) 
[2025-07-28T14:23:24.4881954Z][INFO] :: FRAMEWORK FOUND :: Reqnroll-nunit 
[2025-07-28T14:23:24.4888236Z][INFO] :: CRASH REPORT :: 
 {
  "exception": {},
  "config": {},
  "hashed_id": "1hq9nzfdtm4o7ukkhbf2gjyjhvnzzb8xhal5rfjj",
  "observability_version": {
    "frameworkName": "Reqnroll-nunit",
    "sdkVersion": "1.20.0",
    "frameworkVersion": "2.2.1 - 3.14.0"
  }
} 
[2025-07-28T14:23:25.3138147Z][ERROR] :: Error While Receiving Driver Object Microsoft.CSharp.RuntimeBinder.RuntimeBinderException: Cannot perform runtime binding on a null reference
   at CallSite.Target(Closure, CallSite, Object)
   at TestObservability.Model.CBT.Driver..ctor(Object driver)
   at CallSite.Target(Closure, CallSite, Type, Object)
   at TestObservability.EventsHandler.LogEventsHandler.ReceiveDriver(Object driver) 
[2025-07-28T14:23:25.3158321Z][ERROR] :: Unable to parse Driver Capabilities due to Microsoft.CSharp.RuntimeBinder.RuntimeBinderException: Cannot perform runtime binding on a null reference
   at CallSite.Target(Closure, CallSite, Object)
   at TestObservability.Model.CBT.Driver..ctor(Object driver) 
[2025-07-28T14:23:25.3167509Z][INFO] :: FRAMEWORK FOUND :: Reqnroll-nunit 
[2025-07-28T14:23:25.3174901Z][INFO] :: CRASH REPORT :: 
 {
  "exception": {},
  "config": {},
  "hashed_id": "1hq9nzfdtm4o7ukkhbf2gjyjhvnzzb8xhal5rfjj",
  "observability_version": {
    "frameworkName": "Reqnroll-nunit",
    "sdkVersion": "1.20.0",
    "frameworkVersion": "2.2.1 - 3.14.0"
  }
} 
[2025-07-28T14:23:26.1706026Z][ERROR] :: Error While Receiving Driver Object Microsoft.CSharp.RuntimeBinder.RuntimeBinderException: Cannot perform runtime binding on a null reference
   at CallSite.Target(Closure, CallSite, Object)
   at TestObservability.Model.CBT.Driver..ctor(Object driver)
   at CallSite.Target(Closure, CallSite, Type, Object)
   at TestObservability.EventsHandler.LogEventsHandler.ReceiveDriver(Object driver) 
[2025-07-28T14:23:42.9802076Z][ERROR] :: Unable to parse Driver Capabilities due to Newtonsoft.Json.JsonReaderException: Unexpected character encountered while parsing value: O. Path '', line 0, position 0.
   at Newtonsoft.Json.JsonTextReader.ParseValue()
   at Newtonsoft.Json.Linq.JObject.Load(JsonReader reader, JsonLoadSettings settings)
   at Newtonsoft.Json.Linq.JObject.Parse(String json, JsonLoadSettings settings)
   at Newtonsoft.Json.Linq.JObject.Parse(String json)
   at System.Dynamic.UpdateDelegates.UpdateAndExecute2[T0,T1,TRet](CallSite site, T0 arg0, T1 arg1)
   at BrowserStackSDK.TestObservability.Model.CBT.Driver..ctor(Object driver) 
[2025-07-28T14:23:43.0014686Z][INFO] :: Product linked to Observability:: automate 
[2025-07-28T14:23:43.0067146Z][INFO] :: Remote Session Found :: True 
[2025-07-28T14:23:43.0115701Z][INFO] :: FRAMEWORK FOUND :: Reqnroll-nunit 
[2025-07-28T14:23:43.0127753Z][INFO] :: CRASH REPORT :: 
 {
  "exception": {},
  "config": {},
  "hashed_id": "1hq9nzfdtm4o7ukkhbf2gjyjhvnzzb8xhal5rfjj",
  "observability_version": {
    "frameworkName": "Reqnroll-nunit",
    "sdkVersion": "1.20.0",
    "frameworkVersion": "2.2.1 - 3.14.0"
  }
} 
[2025-07-28T14:23:43.8060177Z][ERROR] :: Error While Receiving Driver Object System.NullReferenceException: Object reference not set to an instance of an object.
   at BrowserStackSDK.TestObservability.EventsHandler.LogEventsHandler.ReceiveDriver(Object driver, String fullyQualifiedName, String displayName) 
[2025-07-28T14:24:42.8255850Z][INFO] :: All events uploaded successfully for current test 
